

NVIM v0.5.0-773-g932585fd9
Build type: RelWithDebInfo
LuaJIT 2.1.0-beta3
Compilation: /usr/bin/gcc-5 -U_FORTIFY_SOURCE -D_FORTIFY_SOURCE=1 -O2 -g -Og -g -Wall -Wextra -pedantic -Wno-unused-parameter -Wstrict-prototypes -std=gnu99 -Wshadow -Wconversion -Wmissing-prototypes -Wvla -fstack-protector-strong -fno-common -fdiagnostics-color=auto -DINCLUDE_GENERATED_DECLARATIONS -D_GNU_SOURCE -DNVIM_MSGPACK_HAS_FLOAT32 -DNVIM_UNIBI_HAS_VAR_FROM -DMIN_LOG_LEVEL=3 -I/home/travis/build/neovim/bot-ci/build/neovim/build/config -I/home/travis/build/neovim/bot-ci/build/neovim/src -I/home/travis/build/neovim/bot-ci/build/neovim/.deps/usr/include -I/usr/include -I/home/travis/build/neovim/bot-ci/build/neovim/build/src/nvim/auto -I/home/travis/build/neovim/bot-ci/build/neovim/build/include
Compiled by travis@travis-job-a1c1f78d-89b8-403f-bc4d-8bf791db1501

Features: +acl +iconv +tui
See ":help feature-compile"

   system vimrc file: "$VIM/sysinit.vim"
  fall-back for $VIM: "/share/nvim"

Run :checkhealth for more info
Executing FuncUndefined Autocommands for "*"
autocommand if stridx(expand('<afile>'), 'remote#') != 0 |   call dein#autoload#_on_func(expand('<afile>')) | endif

chdir(/home/caler/wk/nvim)
chdir(/home/caler/.SpaceVim/bundle/neomake/autoload/neomake)
chdir(/home/caler/wk/nvim)
line 2: sourcing "/home/caler/.SpaceVim/bundle/neomake/autoload/neomake/virtualtext.vim"
finished sourcing /home/caler/.SpaceVim/bundle/neomake/autoload/neomake/virtualtext.vim
continuing in function <SNR>261_cursormoved_delayed_cb[2]..neomake#CursorMoved
chdir(/home/caler/wk/nvim)
chdir(/home/caler/.cache/vimfiles/.cache/init.vim/.dein/autoload/coc/source)
chdir(/home/caler/wk/nvim)
sourcing "/home/caler/.cache/vimfiles/.cache/init.vim/.dein/autoload/coc/source/tmuxcomplete.vim"
finished sourcing /home/caler/.cache/vimfiles/.cache/init.vim/.dein/autoload/coc/source/tmuxcomplete.vim
chdir(/home/caler/wk/nvim)
chdir(/tmp/nvim99fzHL/coc.nvim-17729)
chdir(/home/caler/wk/nvim)
sourcing "/tmp/nvim99fzHL/coc.nvim-17729/coc-17729.vim"
finished sourcing /tmp/nvim99fzHL/coc.nvim-17729/coc-17729.vim
Executing User Autocommands for "CocNvimInit"
autocommand :call coc#config("languageserver", s:coc_language_servers)

Executing CursorHold Autocommands for "*"
autocommand call gitgutter#process_buffer(bufnr(''), 0)

Executing FuncUndefined Autocommands for "*"
autocommand if stridx(expand('<afile>'), 'remote#') != 0 |   call dein#autoload#_on_func(expand('<afile>')) | endif

chdir(/home/caler/wk/nvim)
chdir(/home/caler/.cache/vimfiles/repos/github.com/airblade/vim-gitgutter/autoload/gitgutter)
chdir(/home/caler/wk/nvim)
line 9: sourcing "/home/caler/.cache/vimfiles/repos/github.com/airblade/vim-gitgutter/autoload/gitgutter/async.vim"
finished sourcing /home/caler/.cache/vimfiles/repos/github.com/airblade/vim-gitgutter/autoload/gitgutter/async.vim
continuing in function gitgutter#process_buffer[10]..<SNR>260_setup_path[3]..gitgutter#utility#set_repo_path
Executing FuncUndefined Autocommands for "*"
autocommand if stridx(expand('<afile>'), 'remote#') != 0 |   call dein#autoload#_on_func(expand('<afile>')) | endif

chdir(/home/caler/wk/nvim)
chdir(/home/caler/.cache/vimfiles/repos/github.com/airblade/vim-gitgutter/autoload/gitgutter)
chdir(/home/caler/wk/nvim)
line 1: sourcing "/home/caler/.cache/vimfiles/repos/github.com/airblade/vim-gitgutter/autoload/gitgutter/debug.vim"
finished sourcing /home/caler/.cache/vimfiles/repos/github.com/airblade/vim-gitgutter/autoload/gitgutter/debug.vim
continuing in function gitgutter#process_buffer[10]..<SNR>260_setup_path[3]..gitgutter#utility#set_repo_path[12]..gitgutter#async#execute
Executing CursorHold Autocommands for "*"
autocommand rshada|wshada

Reading ShaDa file "/home/caler/.local/share/nvim/shada/main.shada" info marks oldfiles
Writing ShaDa file "/home/caler/.local/share/nvim/shada/main.shada"
chdir(/home/caler/wk/nvim)
chdir(/home/caler)
chdir(/home/caler/wk/nvim)
chdir(/home/caler/wk/nvim)
chdir(/home/caler/wk/nvim/SpaceVim.d)
chdir(/home/caler/wk/nvim)
chdir(/home/caler/wk/nvim)
chdir(/home/caler/wk/code)
chdir(/home/caler/wk/nvim)
chdir(/home/caler/wk/nvim)
chdir(/home/caler/wk/nvim/SpaceVim.d)
chdir(/home/caler/wk/nvim)
Executing CursorHold Autocommands for "*"
autocommand call coc#float#check_related()

autocommand call s:Autocmd('CursorHold', +expand('<abuf>'))

Executing CursorHold Autocommands for "*"
autocommand call gitgutter#process_buffer(bufnr(''), 0)

Executing CursorHold Autocommands for "*"
autocommand call s:do_delayed_update()

autocommand call s:AutoUpdate(fnamemodify(expand('<afile>'), ':p'), 0)

[coc.nvim] Wrong configuration of LS "rootPatterns", filetypes not found
[coc.nvim] Wrong configuration of LS "rootPatterns", filetypes not found
[coc.nvim] Wrong configuration of LS "filetypes", filetypes not found
[coc.nvim] Wrong configuration of LS "filetypes", filetypes not found

Executing QuitPre Autocommands for "*"
autocommand call SpaceVim#plugins#windowsmanager#UpdateRestoreWinInfo()

chdir(/home/caler/wk/nvim)
chdir(/home/caler/.SpaceVim/autoload/SpaceVim/plugins)
chdir(/home/caler/wk/nvim)
line 0: sourcing "/home/caler/.SpaceVim/autoload/SpaceVim/plugins/windowsmanager.vim"
finished sourcing /home/caler/.SpaceVim/autoload/SpaceVim/plugins/windowsmanager.vim
continuing in QuitPre Autocommands for "*"
Executing QuitPre Autocommands for "*"
autocommand let s:vim_quitting = 1

Executing BufWinLeave Autocommands for "*"
autocommand let &l:statusline = SpaceVim#layers#core#statusline#get()

Executing BufWinLeave Autocommands for "*"
autocommand let b:_winview = winsaveview()

Executing BufWinLeave Autocommands for "*"
autocommand call s:Autocmd('BufWinLeave', +expand('<abuf>'), bufwinid(+expand('<abuf>')))

Executing BufUnload Autocommands for "*"
autocommand call s:Autocmd('BufUnload', +expand('<abuf>'))

Executing VimLeavePre Autocommands for "*"
autocommand call s:close()

Executing VimLeavePre Autocommands for "*"
autocommand call SpaceVim#plugins#manager#terminal()

chdir(/home/caler/wk/nvim)
chdir(/home/caler/.SpaceVim/autoload/SpaceVim/plugins)
chdir(/home/caler/wk/nvim)
line 0: sourcing "/home/caler/.SpaceVim/autoload/SpaceVim/plugins/manager.vim"
finished sourcing /home/caler/.SpaceVim/autoload/SpaceVim/plugins/manager.vim
continuing in VimLeavePre Autocommands for "*"
Executing VimLeavePre Autocommands for "*"
autocommand call neomru#_save({'event' : 'VimLeavePre'})

Executing VimLeavePre Autocommands for "*"
autocommand let g:coc_vim_leaving = 1

Executing VimLeavePre Autocommands for "*"
autocommand call s:on_vimleavepre()

Writing ShaDa file "/home/caler/.local/share/nvim/shada/main.shada"
Executing VimLeave Autocommands for "*"
autocommand silent! call s:request_shutdown()

Error detected while processing function <SNR>150_request_shutdown:
line    2:
Error invoking 'shutdown' on channel 9:
Invalid channel: 9
Error detected while processing function <SNR>150_request_shutdown[6]..Shutdown:
line    1:
E461: Illegal variable name: a:wnr
Error detected while processing function <SNR>150_request_shutdown[6]..Shutdown:
line    3:
E121: Undefined variable: a:wnr
Error detected while processing function <SNR>150_request_shutdown[6]..Shutdown:
line    3:
E15: Invalid expression: a:wnr.'wincmd w'
Executing VimLeave Autocommands for "*"
autocommand call neomake#VimLeave()

Neomake: Calling VimLeave.
Executing FuncUndefined Autocommands for "*"
autocommand if stridx(expand('<afile>'), 'remote#') != 0 |   call dein#autoload#_on_func(expand('<afile>')) | endif

chdir(/home/caler/wk/nvim)
chdir(/home/caler/.cache/vimfiles/repos/github.com/neoclide/coc.nvim/autoload/coc)
chdir(/home/caler/wk/nvim)
sourcing "/home/caler/.cache/vimfiles/repos/github.com/neoclide/coc.nvim/autoload/coc/highlight.vim"
finished sourcing /home/caler/.cache/vimfiles/repos/github.com/neoclide/coc.nvim/autoload/coc/highlight.vim